Symbolic pkg v2.8.0: Python communication link active, SymPy v1.5.1.
Z = (sym) 1.0000000000000000000000000000000
O = (sym) 0
C = (sym 4×4 matrix)

  ⎡1.0   0         0              0      ⎤
  ⎢                                      ⎥
  ⎢ 0   1.0        0              0      ⎥
  ⎢                                      ⎥
  ⎢ 0    0   -R₄ - R₆ - R₇       R₄      ⎥
  ⎢                                      ⎥
  ⎣R₃    0        R₄        -R₁ - R₃ - R₄⎦

D = (sym 4×1 matrix)

  ⎡-Ib⎤
  ⎢   ⎥
  ⎢Id ⎥
  ⎢   ⎥
  ⎢Vc ⎥
  ⎢   ⎥
  ⎣-Va⎦

ans = (sym 4×1 matrix)

  ⎡                         -Ib                          ⎤
  ⎢                                                      ⎥
  ⎢                          Id                          ⎥
  ⎢                                                      ⎥
  ⎢      1.0⋅(Ib⋅R₃⋅R₄ - R₄⋅Va + Vc⋅(R₁ + R₃ + R₄))      ⎥
  ⎢      ──────────────────────────────────────────      ⎥
  ⎢           2                                          ⎥
  ⎢         R₄  - (R₁ + R₃ + R₄)⋅(R₄ + R₆ + R₇)          ⎥
  ⎢                                                      ⎥
  ⎢1.0⋅(Ib⋅R₃⋅(R₄ + R₆ + R₇) + R₄⋅Vc - Va⋅(R₄ + R₆ + R₇))⎥
  ⎢──────────────────────────────────────────────────────⎥
  ⎢           2                                          ⎥
  ⎣         R₄  - (R₁ + R₃ + R₄)⋅(R₄ + R₆ + R₇)          ⎦

